2025-03-28 22:25:15,215 - INFO - Models directory: D:\6th Sem PCCOE\models
2025-03-28 22:25:15,216 - INFO - Project Root: D:\6th Sem PCCOE
2025-03-28 22:25:15,216 - INFO - Spiral Data Directory: D:\6th Sem PCCOE\data\raw\spiral
2025-03-28 22:25:15,217 - INFO - Wave Data Directory: D:\6th Sem PCCOE\data\raw\wave
2025-03-28 22:25:15,217 - ERROR - Training failed: Spiral data directory not found: D:\6th Sem PCCOE\data\raw\spiral
2025-03-28 22:32:19,456 - INFO - Models directory: D:\parkinson_detection\models
2025-03-28 22:32:19,457 - INFO - Project Root: D:\
2025-03-28 22:32:19,457 - INFO - Spiral Data Directory: D:\parkinson_detection\data\raw\spiral
2025-03-28 22:32:19,457 - INFO - Wave Data Directory: D:\parkinson_detection\data\raw\wave
2025-03-28 22:32:19,458 - ERROR - Training failed: Spiral data directory not found: D:\parkinson_detection\data\raw\spiral
2025-03-28 22:34:05,516 - INFO - Models directory: D:\parkinson_detection\models
2025-03-28 22:34:05,517 - INFO - Project Root: D:\
2025-03-28 22:34:05,518 - INFO - Spiral Data Directory: D:\parkinson_detection\data\raw\spiral
2025-03-28 22:34:05,518 - INFO - Wave Data Directory: D:\parkinson_detection\data\raw\wave
2025-03-28 22:34:05,519 - ERROR - Training failed: Spiral data directory not found: D:\parkinson_detection\data\raw\spiral
2025-03-28 22:38:59,111 - INFO - Models directory: D:\parkinson_detection\models
2025-03-28 22:38:59,112 - INFO - Project Root: D:\parkinson_detection
2025-03-28 22:38:59,113 - INFO - Spiral Data Directory: D:\parkinson_detection\data\raw\spiral
2025-03-28 22:38:59,113 - INFO - Wave Data Directory: D:\parkinson_detection\data\raw\wave
2025-03-28 22:38:59,114 - ERROR - Training failed: Spiral data directory not found: D:\parkinson_detection\data\raw\spiral
2025-03-28 22:44:57,073 - INFO - Models directory: D:\6th Sem PCCOE\parkinson_detection\models
2025-03-28 22:44:57,074 - INFO - Project Root: D:\6th Sem PCCOE\parkinson_detection
2025-03-28 22:44:57,074 - INFO - Spiral Data Directory: D:\6th Sem PCCOE\parkinson_detection\data\raw\spiral
2025-03-28 22:44:57,075 - INFO - Wave Data Directory: D:\6th Sem PCCOE\parkinson_detection\data\raw\wave
2025-03-28 22:44:57,075 - INFO - Training Spiral Model...
2025-03-28 22:44:57,076 - INFO - Starting training for spiral model
2025-03-28 22:44:57,076 - INFO - Data directory: D:\6th Sem PCCOE\parkinson_detection\data\raw\spiral
2025-03-28 22:44:57,104 - INFO - Class weights: {0: 1.0, 1: 1.0}
2025-03-28 22:45:05,249 - ERROR - Error in training spiral model: Graph execution error:

Detected at node PyFunc defined at (most recent call last):
<stack traces unavailable>
TypeError: `generator` yielded an element that did not match the expected structure. The expected structure was (tf.float32, tf.float32, tf.float32), but the yielded element was (array([[[[0.93033034],
         [0.9207512 ],
         [0.91117203],
         ...,
         [0.94015664],
         [0.9131732 ],
         [0.9091359 ]],

        [[0.93030196],
         [0.9372686 ],
         [0.9442352 ],
         ...,
         [0.9340438 ],
         [0.91142666],
         [0.91612196]],

        [[0.93975914],
         [0.93192166],
         [0.92408425],
         ...,
         [0.927931  ],
         [0.9096801 ],
         [0.92310804]],

        ...,

        [[0.9428459 ],
         [0.93632025],
         [0.92722046],
         ...,
         [0.9190299 ],
         [0.9120633 ],
         [0.90509665]],

        [[0.9445924 ],
         [0.93370044],
         [0.92549837],
         ...,
         [0.9265809 ],
         [0.92919344],
         [0.9318059 ]],

        [[0.9432368 ],
         [0.93183154],
         [0.9263717 ],
         ...,
         [0.9144647 ],
         [0.9170772 ],
         [0.9196897 ]]],


       [[[0.9365297 ],
         [0.9178427 ],
         [0.8917591 ],
         ...,
         [0.9233276 ],
         [0.92568225],
         [0.9280369 ]],

        [[0.93059915],
         [0.92189586],
         [0.8974336 ],
         ...,
         [0.93309176],
         [0.9346615 ],
         [0.93623126]],

        [[0.92249274],
         [0.92594904],
         [0.903108  ],
         ...,
         [0.9318956 ],
         [0.929541  ],
         [0.92718637]],

        ...,

        [[0.9430685 ],
         [0.94149876],
         [0.9418003 ],
         ...,
         [0.9412442 ],
         [0.9289315 ],
         [0.92222863]],

        [[0.9440986 ],
         [0.94488347],
         [0.94566834],
         ...,
         [0.9436761 ],
         [0.9321741 ],
         [0.9181754 ]],

        [[0.94796664],
         [0.9487515 ],
         [0.94798625],
         ...,
         [0.94274163],
         [0.9348958 ],
         [0.920467  ]]],


       [[[0.94117653],
         [0.94117653],
         [0.94117653],
         ...,
         [0.93105847],
         [0.9333334 ],
         [0.9333334 ]],

        [[0.94117653],
         [0.94117653],
         [0.94117653],
         ...,
         [0.9315088 ],
         [0.9333334 ],
         [0.9333334 ]],

        [[0.94117653],
         [0.94117653],
         [0.94117653],
         ...,
         [0.9319591 ],
         [0.9333334 ],
         [0.9333334 ]],

        ...,

        [[0.9349169 ],
         [0.9406795 ],
         [0.9361843 ],
         ...,
         [0.93333   ],
         [0.9323835 ],
         [0.93143696]],

        [[0.93469507],
         [0.9391081 ],
         [0.9439055 ],
         ...,
         [0.9392523 ],
         [0.93877906],
         [0.9383058 ]],

        [[0.93816274],
         [0.93627954],
         [0.93653786],
         ...,
         [0.94321215],
         [0.9427389 ],
         [0.9422656 ]]],


       ...,


       [[[0.95294124],
         [0.95294124],
         [0.9509122 ],
         ...,
         [0.9066567 ],
         [0.90845543],
         [0.9102542 ]],

        [[0.95294124],
         [0.95294124],
         [0.95294124],
         ...,
         [0.93248963],
         [0.93146175],
         [0.93043387]],

        [[0.95294124],
         [0.95294124],
         [0.95294124],
         ...,
         [0.9198261 ],
         [0.92162484],
         [0.9234236 ]],

        ...,

        [[0.94117653],
         [0.94117653],
         [0.94117653],
         ...,
         [0.94117653],
         [0.94117653],
         [0.94117653]],

        [[0.940697  ],
         [0.9401831 ],
         [0.9396692 ],
         ...,
         [0.94117653],
         [0.94117653],
         [0.94117653]],

        [[0.93435365],
         [0.9351245 ],
         [0.93589544],
         ...,
         [0.94117653],
         [0.94117653],
         [0.94117653]]],


       [[[0.929843  ],
         [0.9273376 ],
         [0.92483217],
         ...,
         [0.94113326],
         [0.92160696],
         [0.9410007 ]],

        [[0.9305107 ],
         [0.9338513 ],
         [0.9371919 ],
         ...,
         [0.9369991 ],
         [0.9260008 ],
         [0.93836445]],

        [[0.9234899 ],
         [0.92265475],
         [0.92181957],
         ...,
         [0.9326052 ],
         [0.93039465],
         [0.93572813]],

        ...,

        [[0.9485173 ],
         [0.9427021 ],
         [0.9482511 ],
         ...,
         [0.94013447],
         [0.9376289 ],
         [0.93725497]],

        [[0.945881  ],
         [0.94358087],
         [0.9500087 ],
         ...,
         [0.9418499 ],
         [0.94686073],
         [0.9475936 ]],

        [[0.9432447 ],
         [0.9444596 ],
         [0.9517662 ],
         ...,
         [0.9340709 ],
         [0.92906   ],
         [0.9269314 ]]],


       [[[0.9490197 ],
         [0.9490197 ],
         [0.9490197 ],
         ...,
         [0.9074201 ],
         [0.9024875 ],
         [0.9274201 ]],

        [[0.9425623 ],
         [0.9442014 ],
         [0.94584066],
         ...,
         [0.9058158 ],
         [0.9041223 ],
         [0.9255553 ]],

        [[0.93411106],
         [0.93575025],
         [0.9373895 ],
         ...,
         [0.90498036],
         [0.9099705 ],
         [0.91970706]],

        ...,

        [[0.9305269 ],
         [0.9416062 ],
         [0.9385166 ],
         ...,
         [0.92452383],
         [0.9278022 ],
         [0.927743  ]],

        [[0.92969143],
         [0.9449481 ],
         [0.9378689 ],
         ...,
         [0.91372555],
         [0.91372555],
         [0.91417825]],

        [[0.9316351 ],
         [0.9435021 ],
         [0.94037527],
         ...,
         [0.91372555],
         [0.91372555],
         [0.91372555]]]], dtype=float32), array([0., 1., 0., 1., 0., 0., 1., 1., 0., 1., 1., 1., 1., 0., 0., 1., 0.,
       1., 1., 0., 1., 1., 0., 1., 1., 0.], dtype=float32)).
Traceback (most recent call last):

  File "C:\Users\hp\AppData\Roaming\Python\Python312\site-packages\tensorflow\python\data\ops\from_generator_op.py", line 204, in generator_py_func
    flattened_values = nest.flatten_up_to(output_types, values)
                       ^^^^^^^^^^^^^^^^^^^^^^^^^^^^^^^^^^^^^^^^

  File "C:\Users\hp\AppData\Roaming\Python\Python312\site-packages\tensorflow\python\data\util\nest.py", line 237, in flatten_up_to
    return nest_util.flatten_up_to(
           ^^^^^^^^^^^^^^^^^^^^^^^^

  File "C:\Users\hp\AppData\Roaming\Python\Python312\site-packages\tensorflow\python\util\nest_util.py", line 1541, in flatten_up_to
    return _tf_data_flatten_up_to(shallow_tree, input_tree)
           ^^^^^^^^^^^^^^^^^^^^^^^^^^^^^^^^^^^^^^^^^^^^^^^^

  File "C:\Users\hp\AppData\Roaming\Python\Python312\site-packages\tensorflow\python\util\nest_util.py", line 1570, in _tf_data_flatten_up_to
    _tf_data_assert_shallow_structure(shallow_tree, input_tree)

  File "C:\Users\hp\AppData\Roaming\Python\Python312\site-packages\tensorflow\python\util\nest_util.py", line 1427, in _tf_data_assert_shallow_structure
    raise ValueError(

ValueError: The two structures don't have the same sequence length. Input structure has length 2, while shallow structure has length 3.


The above exception was the direct cause of the following exception:


Traceback (most recent call last):

  File "C:\Users\hp\AppData\Roaming\Python\Python312\site-packages\tensorflow\python\ops\script_ops.py", line 269, in __call__
    ret = func(*args)
          ^^^^^^^^^^^

  File "C:\Users\hp\AppData\Roaming\Python\Python312\site-packages\tensorflow\python\autograph\impl\api.py", line 643, in wrapper
    return func(*args, **kwargs)
           ^^^^^^^^^^^^^^^^^^^^^

  File "C:\Users\hp\AppData\Roaming\Python\Python312\site-packages\tensorflow\python\data\ops\from_generator_op.py", line 206, in generator_py_func
    raise TypeError(

TypeError: `generator` yielded an element that did not match the expected structure. The expected structure was (tf.float32, tf.float32, tf.float32), but the yielded element was (array([[[[0.93033034],
         [0.9207512 ],
         [0.91117203],
         ...,
         [0.94015664],
         [0.9131732 ],
         [0.9091359 ]],

        [[0.93030196],
         [0.9372686 ],
         [0.9442352 ],
         ...,
         [0.9340438 ],
         [0.91142666],
         [0.91612196]],

        [[0.93975914],
         [0.93192166],
         [0.92408425],
         ...,
         [0.927931  ],
         [0.9096801 ],
         [0.92310804]],

        ...,

        [[0.9428459 ],
         [0.93632025],
         [0.92722046],
         ...,
         [0.9190299 ],
         [0.9120633 ],
         [0.90509665]],

        [[0.9445924 ],
         [0.93370044],
         [0.92549837],
         ...,
         [0.9265809 ],
         [0.92919344],
         [0.9318059 ]],

        [[0.9432368 ],
         [0.93183154],
         [0.9263717 ],
         ...,
         [0.9144647 ],
         [0.9170772 ],
         [0.9196897 ]]],


       [[[0.9365297 ],
         [0.9178427 ],
         [0.8917591 ],
         ...,
         [0.9233276 ],
         [0.92568225],
         [0.9280369 ]],

        [[0.93059915],
         [0.92189586],
         [0.8974336 ],
         ...,
         [0.93309176],
         [0.9346615 ],
         [0.93623126]],

        [[0.92249274],
         [0.92594904],
         [0.903108  ],
         ...,
         [0.9318956 ],
         [0.929541  ],
         [0.92718637]],

        ...,

        [[0.9430685 ],
         [0.94149876],
         [0.9418003 ],
         ...,
         [0.9412442 ],
         [0.9289315 ],
         [0.92222863]],

        [[0.9440986 ],
         [0.94488347],
         [0.94566834],
         ...,
         [0.9436761 ],
         [0.9321741 ],
         [0.9181754 ]],

        [[0.94796664],
         [0.9487515 ],
         [0.94798625],
         ...,
         [0.94274163],
         [0.9348958 ],
         [0.920467  ]]],


       [[[0.94117653],
         [0.94117653],
         [0.94117653],
         ...,
         [0.93105847],
         [0.9333334 ],
         [0.9333334 ]],

        [[0.94117653],
         [0.94117653],
         [0.94117653],
         ...,
         [0.9315088 ],
         [0.9333334 ],
         [0.9333334 ]],

        [[0.94117653],
         [0.94117653],
         [0.94117653],
         ...,
         [0.9319591 ],
         [0.9333334 ],
         [0.9333334 ]],

        ...,

        [[0.9349169 ],
         [0.9406795 ],
         [0.9361843 ],
         ...,
         [0.93333   ],
         [0.9323835 ],
         [0.93143696]],

        [[0.93469507],
         [0.9391081 ],
         [0.9439055 ],
         ...,
         [0.9392523 ],
         [0.93877906],
         [0.9383058 ]],

        [[0.93816274],
         [0.93627954],
         [0.93653786],
         ...,
         [0.94321215],
         [0.9427389 ],
         [0.9422656 ]]],


       ...,


       [[[0.95294124],
         [0.95294124],
         [0.9509122 ],
         ...,
         [0.9066567 ],
         [0.90845543],
         [0.9102542 ]],

        [[0.95294124],
         [0.95294124],
         [0.95294124],
         ...,
         [0.93248963],
         [0.93146175],
         [0.93043387]],

        [[0.95294124],
         [0.95294124],
         [0.95294124],
         ...,
         [0.9198261 ],
         [0.92162484],
         [0.9234236 ]],

        ...,

        [[0.94117653],
         [0.94117653],
         [0.94117653],
         ...,
         [0.94117653],
         [0.94117653],
         [0.94117653]],

        [[0.940697  ],
         [0.9401831 ],
         [0.9396692 ],
         ...,
         [0.94117653],
         [0.94117653],
         [0.94117653]],

        [[0.93435365],
         [0.9351245 ],
         [0.93589544],
         ...,
         [0.94117653],
         [0.94117653],
         [0.94117653]]],


       [[[0.929843  ],
         [0.9273376 ],
         [0.92483217],
         ...,
         [0.94113326],
         [0.92160696],
         [0.9410007 ]],

        [[0.9305107 ],
         [0.9338513 ],
         [0.9371919 ],
         ...,
         [0.9369991 ],
         [0.9260008 ],
         [0.93836445]],

        [[0.9234899 ],
         [0.92265475],
         [0.92181957],
         ...,
         [0.9326052 ],
         [0.93039465],
         [0.93572813]],

        ...,

        [[0.9485173 ],
         [0.9427021 ],
         [0.9482511 ],
         ...,
         [0.94013447],
         [0.9376289 ],
         [0.93725497]],

        [[0.945881  ],
         [0.94358087],
         [0.9500087 ],
         ...,
         [0.9418499 ],
         [0.94686073],
         [0.9475936 ]],

        [[0.9432447 ],
         [0.9444596 ],
         [0.9517662 ],
         ...,
         [0.9340709 ],
         [0.92906   ],
         [0.9269314 ]]],


       [[[0.9490197 ],
         [0.9490197 ],
         [0.9490197 ],
         ...,
         [0.9074201 ],
         [0.9024875 ],
         [0.9274201 ]],

        [[0.9425623 ],
         [0.9442014 ],
         [0.94584066],
         ...,
         [0.9058158 ],
         [0.9041223 ],
         [0.9255553 ]],

        [[0.93411106],
         [0.93575025],
         [0.9373895 ],
         ...,
         [0.90498036],
         [0.9099705 ],
         [0.91970706]],

        ...,

        [[0.9305269 ],
         [0.9416062 ],
         [0.9385166 ],
         ...,
         [0.92452383],
         [0.9278022 ],
         [0.927743  ]],

        [[0.92969143],
         [0.9449481 ],
         [0.9378689 ],
         ...,
         [0.91372555],
         [0.91372555],
         [0.91417825]],

        [[0.9316351 ],
         [0.9435021 ],
         [0.94037527],
         ...,
         [0.91372555],
         [0.91372555],
         [0.91372555]]]], dtype=float32), array([0., 1., 0., 1., 0., 0., 1., 1., 0., 1., 1., 1., 1., 0., 0., 1., 0.,
       1., 1., 0., 1., 1., 0., 1., 1., 0.], dtype=float32)).


	 [[{{node PyFunc}}]]
	 [[IteratorGetNext]] [Op:__inference_one_step_on_iterator_6736]
2025-03-28 22:45:05,387 - ERROR - Training failed: Graph execution error:

Detected at node PyFunc defined at (most recent call last):
<stack traces unavailable>
TypeError: `generator` yielded an element that did not match the expected structure. The expected structure was (tf.float32, tf.float32, tf.float32), but the yielded element was (array([[[[0.93033034],
         [0.9207512 ],
         [0.91117203],
         ...,
         [0.94015664],
         [0.9131732 ],
         [0.9091359 ]],

        [[0.93030196],
         [0.9372686 ],
         [0.9442352 ],
         ...,
         [0.9340438 ],
         [0.91142666],
         [0.91612196]],

        [[0.93975914],
         [0.93192166],
         [0.92408425],
         ...,
         [0.927931  ],
         [0.9096801 ],
         [0.92310804]],

        ...,

        [[0.9428459 ],
         [0.93632025],
         [0.92722046],
         ...,
         [0.9190299 ],
         [0.9120633 ],
         [0.90509665]],

        [[0.9445924 ],
         [0.93370044],
         [0.92549837],
         ...,
         [0.9265809 ],
         [0.92919344],
         [0.9318059 ]],

        [[0.9432368 ],
         [0.93183154],
         [0.9263717 ],
         ...,
         [0.9144647 ],
         [0.9170772 ],
         [0.9196897 ]]],


       [[[0.9365297 ],
         [0.9178427 ],
         [0.8917591 ],
         ...,
         [0.9233276 ],
         [0.92568225],
         [0.9280369 ]],

        [[0.93059915],
         [0.92189586],
         [0.8974336 ],
         ...,
         [0.93309176],
         [0.9346615 ],
         [0.93623126]],

        [[0.92249274],
         [0.92594904],
         [0.903108  ],
         ...,
         [0.9318956 ],
         [0.929541  ],
         [0.92718637]],

        ...,

        [[0.9430685 ],
         [0.94149876],
         [0.9418003 ],
         ...,
         [0.9412442 ],
         [0.9289315 ],
         [0.92222863]],

        [[0.9440986 ],
         [0.94488347],
         [0.94566834],
         ...,
         [0.9436761 ],
         [0.9321741 ],
         [0.9181754 ]],

        [[0.94796664],
         [0.9487515 ],
         [0.94798625],
         ...,
         [0.94274163],
         [0.9348958 ],
         [0.920467  ]]],


       [[[0.94117653],
         [0.94117653],
         [0.94117653],
         ...,
         [0.93105847],
         [0.9333334 ],
         [0.9333334 ]],

        [[0.94117653],
         [0.94117653],
         [0.94117653],
         ...,
         [0.9315088 ],
         [0.9333334 ],
         [0.9333334 ]],

        [[0.94117653],
         [0.94117653],
         [0.94117653],
         ...,
         [0.9319591 ],
         [0.9333334 ],
         [0.9333334 ]],

        ...,

        [[0.9349169 ],
         [0.9406795 ],
         [0.9361843 ],
         ...,
         [0.93333   ],
         [0.9323835 ],
         [0.93143696]],

        [[0.93469507],
         [0.9391081 ],
         [0.9439055 ],
         ...,
         [0.9392523 ],
         [0.93877906],
         [0.9383058 ]],

        [[0.93816274],
         [0.93627954],
         [0.93653786],
         ...,
         [0.94321215],
         [0.9427389 ],
         [0.9422656 ]]],


       ...,


       [[[0.95294124],
         [0.95294124],
         [0.9509122 ],
         ...,
         [0.9066567 ],
         [0.90845543],
         [0.9102542 ]],

        [[0.95294124],
         [0.95294124],
         [0.95294124],
         ...,
         [0.93248963],
         [0.93146175],
         [0.93043387]],

        [[0.95294124],
         [0.95294124],
         [0.95294124],
         ...,
         [0.9198261 ],
         [0.92162484],
         [0.9234236 ]],

        ...,

        [[0.94117653],
         [0.94117653],
         [0.94117653],
         ...,
         [0.94117653],
         [0.94117653],
         [0.94117653]],

        [[0.940697  ],
         [0.9401831 ],
         [0.9396692 ],
         ...,
         [0.94117653],
         [0.94117653],
         [0.94117653]],

        [[0.93435365],
         [0.9351245 ],
         [0.93589544],
         ...,
         [0.94117653],
         [0.94117653],
         [0.94117653]]],


       [[[0.929843  ],
         [0.9273376 ],
         [0.92483217],
         ...,
         [0.94113326],
         [0.92160696],
         [0.9410007 ]],

        [[0.9305107 ],
         [0.9338513 ],
         [0.9371919 ],
         ...,
         [0.9369991 ],
         [0.9260008 ],
         [0.93836445]],

        [[0.9234899 ],
         [0.92265475],
         [0.92181957],
         ...,
         [0.9326052 ],
         [0.93039465],
         [0.93572813]],

        ...,

        [[0.9485173 ],
         [0.9427021 ],
         [0.9482511 ],
         ...,
         [0.94013447],
         [0.9376289 ],
         [0.93725497]],

        [[0.945881  ],
         [0.94358087],
         [0.9500087 ],
         ...,
         [0.9418499 ],
         [0.94686073],
         [0.9475936 ]],

        [[0.9432447 ],
         [0.9444596 ],
         [0.9517662 ],
         ...,
         [0.9340709 ],
         [0.92906   ],
         [0.9269314 ]]],


       [[[0.9490197 ],
         [0.9490197 ],
         [0.9490197 ],
         ...,
         [0.9074201 ],
         [0.9024875 ],
         [0.9274201 ]],

        [[0.9425623 ],
         [0.9442014 ],
         [0.94584066],
         ...,
         [0.9058158 ],
         [0.9041223 ],
         [0.9255553 ]],

        [[0.93411106],
         [0.93575025],
         [0.9373895 ],
         ...,
         [0.90498036],
         [0.9099705 ],
         [0.91970706]],

        ...,

        [[0.9305269 ],
         [0.9416062 ],
         [0.9385166 ],
         ...,
         [0.92452383],
         [0.9278022 ],
         [0.927743  ]],

        [[0.92969143],
         [0.9449481 ],
         [0.9378689 ],
         ...,
         [0.91372555],
         [0.91372555],
         [0.91417825]],

        [[0.9316351 ],
         [0.9435021 ],
         [0.94037527],
         ...,
         [0.91372555],
         [0.91372555],
         [0.91372555]]]], dtype=float32), array([0., 1., 0., 1., 0., 0., 1., 1., 0., 1., 1., 1., 1., 0., 0., 1., 0.,
       1., 1., 0., 1., 1., 0., 1., 1., 0.], dtype=float32)).
Traceback (most recent call last):

  File "C:\Users\hp\AppData\Roaming\Python\Python312\site-packages\tensorflow\python\data\ops\from_generator_op.py", line 204, in generator_py_func
    flattened_values = nest.flatten_up_to(output_types, values)
                       ^^^^^^^^^^^^^^^^^^^^^^^^^^^^^^^^^^^^^^^^

  File "C:\Users\hp\AppData\Roaming\Python\Python312\site-packages\tensorflow\python\data\util\nest.py", line 237, in flatten_up_to
    return nest_util.flatten_up_to(
           ^^^^^^^^^^^^^^^^^^^^^^^^

  File "C:\Users\hp\AppData\Roaming\Python\Python312\site-packages\tensorflow\python\util\nest_util.py", line 1541, in flatten_up_to
    return _tf_data_flatten_up_to(shallow_tree, input_tree)
           ^^^^^^^^^^^^^^^^^^^^^^^^^^^^^^^^^^^^^^^^^^^^^^^^

  File "C:\Users\hp\AppData\Roaming\Python\Python312\site-packages\tensorflow\python\util\nest_util.py", line 1570, in _tf_data_flatten_up_to
    _tf_data_assert_shallow_structure(shallow_tree, input_tree)

  File "C:\Users\hp\AppData\Roaming\Python\Python312\site-packages\tensorflow\python\util\nest_util.py", line 1427, in _tf_data_assert_shallow_structure
    raise ValueError(

ValueError: The two structures don't have the same sequence length. Input structure has length 2, while shallow structure has length 3.


The above exception was the direct cause of the following exception:


Traceback (most recent call last):

  File "C:\Users\hp\AppData\Roaming\Python\Python312\site-packages\tensorflow\python\ops\script_ops.py", line 269, in __call__
    ret = func(*args)
          ^^^^^^^^^^^

  File "C:\Users\hp\AppData\Roaming\Python\Python312\site-packages\tensorflow\python\autograph\impl\api.py", line 643, in wrapper
    return func(*args, **kwargs)
           ^^^^^^^^^^^^^^^^^^^^^

  File "C:\Users\hp\AppData\Roaming\Python\Python312\site-packages\tensorflow\python\data\ops\from_generator_op.py", line 206, in generator_py_func
    raise TypeError(

TypeError: `generator` yielded an element that did not match the expected structure. The expected structure was (tf.float32, tf.float32, tf.float32), but the yielded element was (array([[[[0.93033034],
         [0.9207512 ],
         [0.91117203],
         ...,
         [0.94015664],
         [0.9131732 ],
         [0.9091359 ]],

        [[0.93030196],
         [0.9372686 ],
         [0.9442352 ],
         ...,
         [0.9340438 ],
         [0.91142666],
         [0.91612196]],

        [[0.93975914],
         [0.93192166],
         [0.92408425],
         ...,
         [0.927931  ],
         [0.9096801 ],
         [0.92310804]],

        ...,

        [[0.9428459 ],
         [0.93632025],
         [0.92722046],
         ...,
         [0.9190299 ],
         [0.9120633 ],
         [0.90509665]],

        [[0.9445924 ],
         [0.93370044],
         [0.92549837],
         ...,
         [0.9265809 ],
         [0.92919344],
         [0.9318059 ]],

        [[0.9432368 ],
         [0.93183154],
         [0.9263717 ],
         ...,
         [0.9144647 ],
         [0.9170772 ],
         [0.9196897 ]]],


       [[[0.9365297 ],
         [0.9178427 ],
         [0.8917591 ],
         ...,
         [0.9233276 ],
         [0.92568225],
         [0.9280369 ]],

        [[0.93059915],
         [0.92189586],
         [0.8974336 ],
         ...,
         [0.93309176],
         [0.9346615 ],
         [0.93623126]],

        [[0.92249274],
         [0.92594904],
         [0.903108  ],
         ...,
         [0.9318956 ],
         [0.929541  ],
         [0.92718637]],

        ...,

        [[0.9430685 ],
         [0.94149876],
         [0.9418003 ],
         ...,
         [0.9412442 ],
         [0.9289315 ],
         [0.92222863]],

        [[0.9440986 ],
         [0.94488347],
         [0.94566834],
         ...,
         [0.9436761 ],
         [0.9321741 ],
         [0.9181754 ]],

        [[0.94796664],
         [0.9487515 ],
         [0.94798625],
         ...,
         [0.94274163],
         [0.9348958 ],
         [0.920467  ]]],


       [[[0.94117653],
         [0.94117653],
         [0.94117653],
         ...,
         [0.93105847],
         [0.9333334 ],
         [0.9333334 ]],

        [[0.94117653],
         [0.94117653],
         [0.94117653],
         ...,
         [0.9315088 ],
         [0.9333334 ],
         [0.9333334 ]],

        [[0.94117653],
         [0.94117653],
         [0.94117653],
         ...,
         [0.9319591 ],
         [0.9333334 ],
         [0.9333334 ]],

        ...,

        [[0.9349169 ],
         [0.9406795 ],
         [0.9361843 ],
         ...,
         [0.93333   ],
         [0.9323835 ],
         [0.93143696]],

        [[0.93469507],
         [0.9391081 ],
         [0.9439055 ],
         ...,
         [0.9392523 ],
         [0.93877906],
         [0.9383058 ]],

        [[0.93816274],
         [0.93627954],
         [0.93653786],
         ...,
         [0.94321215],
         [0.9427389 ],
         [0.9422656 ]]],


       ...,


       [[[0.95294124],
         [0.95294124],
         [0.9509122 ],
         ...,
         [0.9066567 ],
         [0.90845543],
         [0.9102542 ]],

        [[0.95294124],
         [0.95294124],
         [0.95294124],
         ...,
         [0.93248963],
         [0.93146175],
         [0.93043387]],

        [[0.95294124],
         [0.95294124],
         [0.95294124],
         ...,
         [0.9198261 ],
         [0.92162484],
         [0.9234236 ]],

        ...,

        [[0.94117653],
         [0.94117653],
         [0.94117653],
         ...,
         [0.94117653],
         [0.94117653],
         [0.94117653]],

        [[0.940697  ],
         [0.9401831 ],
         [0.9396692 ],
         ...,
         [0.94117653],
         [0.94117653],
         [0.94117653]],

        [[0.93435365],
         [0.9351245 ],
         [0.93589544],
         ...,
         [0.94117653],
         [0.94117653],
         [0.94117653]]],


       [[[0.929843  ],
         [0.9273376 ],
         [0.92483217],
         ...,
         [0.94113326],
         [0.92160696],
         [0.9410007 ]],

        [[0.9305107 ],
         [0.9338513 ],
         [0.9371919 ],
         ...,
         [0.9369991 ],
         [0.9260008 ],
         [0.93836445]],

        [[0.9234899 ],
         [0.92265475],
         [0.92181957],
         ...,
         [0.9326052 ],
         [0.93039465],
         [0.93572813]],

        ...,

        [[0.9485173 ],
         [0.9427021 ],
         [0.9482511 ],
         ...,
         [0.94013447],
         [0.9376289 ],
         [0.93725497]],

        [[0.945881  ],
         [0.94358087],
         [0.9500087 ],
         ...,
         [0.9418499 ],
         [0.94686073],
         [0.9475936 ]],

        [[0.9432447 ],
         [0.9444596 ],
         [0.9517662 ],
         ...,
         [0.9340709 ],
         [0.92906   ],
         [0.9269314 ]]],


       [[[0.9490197 ],
         [0.9490197 ],
         [0.9490197 ],
         ...,
         [0.9074201 ],
         [0.9024875 ],
         [0.9274201 ]],

        [[0.9425623 ],
         [0.9442014 ],
         [0.94584066],
         ...,
         [0.9058158 ],
         [0.9041223 ],
         [0.9255553 ]],

        [[0.93411106],
         [0.93575025],
         [0.9373895 ],
         ...,
         [0.90498036],
         [0.9099705 ],
         [0.91970706]],

        ...,

        [[0.9305269 ],
         [0.9416062 ],
         [0.9385166 ],
         ...,
         [0.92452383],
         [0.9278022 ],
         [0.927743  ]],

        [[0.92969143],
         [0.9449481 ],
         [0.9378689 ],
         ...,
         [0.91372555],
         [0.91372555],
         [0.91417825]],

        [[0.9316351 ],
         [0.9435021 ],
         [0.94037527],
         ...,
         [0.91372555],
         [0.91372555],
         [0.91372555]]]], dtype=float32), array([0., 1., 0., 1., 0., 0., 1., 1., 0., 1., 1., 1., 1., 0., 0., 1., 0.,
       1., 1., 0., 1., 1., 0., 1., 1., 0.], dtype=float32)).


	 [[{{node PyFunc}}]]
	 [[IteratorGetNext]] [Op:__inference_one_step_on_iterator_6736]
